<?xml version="1.0" encoding="UTF-8"?>
<testsuite xmlns:xsi="http://www.w3.org/2001/XMLSchema-instance" xsi:noNamespaceSchemaLocation="https://maven.apache.org/surefire/maven-surefire-plugin/xsd/surefire-test-report-3.0.xsd" version="3.0" name="com.example.back.registration.RegistrationServiceTest" time="0.121" tests="1" errors="0" skipped="0" failures="0">
  <properties>
    <property name="java.specification.version" value="17"/>
    <property name="sun.cpu.isalist" value="amd64"/>
    <property name="sun.jnu.encoding" value="Cp1252"/>
    <property name="java.class.path" value="C:\Users\Andreea\Desktop\Workspace\AplicatieTipReteaSociala\back\target\test-classes;C:\Users\Andreea\Desktop\Workspace\AplicatieTipReteaSociala\back\target\classes;C:\Users\Andreea\.m2\repository\org\springframework\boot\spring-boot-starter-data-jpa\3.1.11\spring-boot-starter-data-jpa-3.1.11.jar;C:\Users\Andreea\.m2\repository\org\springframework\boot\spring-boot-starter-aop\3.1.11\spring-boot-starter-aop-3.1.11.jar;C:\Users\Andreea\.m2\repository\org\aspectj\aspectjweaver\1.9.22\aspectjweaver-1.9.22.jar;C:\Users\Andreea\.m2\repository\org\springframework\boot\spring-boot-starter-jdbc\3.1.11\spring-boot-starter-jdbc-3.1.11.jar;C:\Users\Andreea\.m2\repository\com\zaxxer\HikariCP\5.0.1\HikariCP-5.0.1.jar;C:\Users\Andreea\.m2\repository\org\springframework\spring-jdbc\6.0.19\spring-jdbc-6.0.19.jar;C:\Users\Andreea\.m2\repository\org\hibernate\orm\hibernate-core\6.2.24.Final\hibernate-core-6.2.24.Final.jar;C:\Users\Andreea\.m2\repository\jakarta\persistence\jakarta.persistence-api\3.1.0\jakarta.persistence-api-3.1.0.jar;C:\Users\Andreea\.m2\repository\jakarta\transaction\jakarta.transaction-api\2.0.1\jakarta.transaction-api-2.0.1.jar;C:\Users\Andreea\.m2\repository\org\jboss\logging\jboss-logging\3.5.3.Final\jboss-logging-3.5.3.Final.jar;C:\Users\Andreea\.m2\repository\org\hibernate\common\hibernate-commons-annotations\6.0.6.Final\hibernate-commons-annotations-6.0.6.Final.jar;C:\Users\Andreea\.m2\repository\io\smallrye\jandex\3.0.5\jandex-3.0.5.jar;C:\Users\Andreea\.m2\repository\com\fasterxml\classmate\1.5.1\classmate-1.5.1.jar;C:\Users\Andreea\.m2\repository\net\bytebuddy\byte-buddy\1.14.13\byte-buddy-1.14.13.jar;C:\Users\Andreea\.m2\repository\org\glassfish\jaxb\jaxb-runtime\4.0.5\jaxb-runtime-4.0.5.jar;C:\Users\Andreea\.m2\repository\org\glassfish\jaxb\jaxb-core\4.0.5\jaxb-core-4.0.5.jar;C:\Users\Andreea\.m2\repository\org\glassfish\jaxb\txw2\4.0.5\txw2-4.0.5.jar;C:\Users\Andreea\.m2\repository\com\sun\istack\istack-commons-runtime\4.1.2\istack-commons-runtime-4.1.2.jar;C:\Users\Andreea\.m2\repository\jakarta\inject\jakarta.inject-api\2.0.1\jakarta.inject-api-2.0.1.jar;C:\Users\Andreea\.m2\repository\org\antlr\antlr4-runtime\4.10.1\antlr4-runtime-4.10.1.jar;C:\Users\Andreea\.m2\repository\org\springframework\data\spring-data-jpa\3.1.11\spring-data-jpa-3.1.11.jar;C:\Users\Andreea\.m2\repository\org\springframework\data\spring-data-commons\3.1.11\spring-data-commons-3.1.11.jar;C:\Users\Andreea\.m2\repository\org\springframework\spring-orm\6.0.19\spring-orm-6.0.19.jar;C:\Users\Andreea\.m2\repository\org\springframework\spring-context\6.0.19\spring-context-6.0.19.jar;C:\Users\Andreea\.m2\repository\org\springframework\spring-tx\6.0.19\spring-tx-6.0.19.jar;C:\Users\Andreea\.m2\repository\org\springframework\spring-beans\6.0.19\spring-beans-6.0.19.jar;C:\Users\Andreea\.m2\repository\jakarta\annotation\jakarta.annotation-api\2.1.1\jakarta.annotation-api-2.1.1.jar;C:\Users\Andreea\.m2\repository\org\slf4j\slf4j-api\2.0.13\slf4j-api-2.0.13.jar;C:\Users\Andreea\.m2\repository\org\springframework\spring-aspects\6.0.19\spring-aspects-6.0.19.jar;C:\Users\Andreea\.m2\repository\org\springframework\boot\spring-boot-starter-mail\3.1.11\spring-boot-starter-mail-3.1.11.jar;C:\Users\Andreea\.m2\repository\org\springframework\boot\spring-boot-starter\3.1.11\spring-boot-starter-3.1.11.jar;C:\Users\Andreea\.m2\repository\org\springframework\boot\spring-boot\3.1.11\spring-boot-3.1.11.jar;C:\Users\Andreea\.m2\repository\org\springframework\boot\spring-boot-autoconfigure\3.1.11\spring-boot-autoconfigure-3.1.11.jar;C:\Users\Andreea\.m2\repository\org\springframework\boot\spring-boot-starter-logging\3.1.11\spring-boot-starter-logging-3.1.11.jar;C:\Users\Andreea\.m2\repository\ch\qos\logback\logback-classic\1.4.14\logback-classic-1.4.14.jar;C:\Users\Andreea\.m2\repository\ch\qos\logback\logback-core\1.4.14\logback-core-1.4.14.jar;C:\Users\Andreea\.m2\repository\org\apache\logging\log4j\log4j-to-slf4j\2.20.0\log4j-to-slf4j-2.20.0.jar;C:\Users\Andreea\.m2\repository\org\apache\logging\log4j\log4j-api\2.20.0\log4j-api-2.20.0.jar;C:\Users\Andreea\.m2\repository\org\slf4j\jul-to-slf4j\2.0.13\jul-to-slf4j-2.0.13.jar;C:\Users\Andreea\.m2\repository\org\yaml\snakeyaml\1.33\snakeyaml-1.33.jar;C:\Users\Andreea\.m2\repository\org\springframework\spring-context-support\6.0.19\spring-context-support-6.0.19.jar;C:\Users\Andreea\.m2\repository\org\eclipse\angus\jakarta.mail\1.1.0\jakarta.mail-1.1.0.jar;C:\Users\Andreea\.m2\repository\jakarta\activation\jakarta.activation-api\2.1.3\jakarta.activation-api-2.1.3.jar;C:\Users\Andreea\.m2\repository\org\eclipse\angus\angus-activation\2.0.2\angus-activation-2.0.2.jar;C:\Users\Andreea\.m2\repository\org\springframework\boot\spring-boot-starter-security\3.1.11\spring-boot-starter-security-3.1.11.jar;C:\Users\Andreea\.m2\repository\org\springframework\spring-aop\6.0.19\spring-aop-6.0.19.jar;C:\Users\Andreea\.m2\repository\org\springframework\security\spring-security-config\6.1.9\spring-security-config-6.1.9.jar;C:\Users\Andreea\.m2\repository\org\springframework\security\spring-security-web\6.1.9\spring-security-web-6.1.9.jar;C:\Users\Andreea\.m2\repository\org\springframework\spring-expression\6.0.19\spring-expression-6.0.19.jar;C:\Users\Andreea\.m2\repository\org\springframework\boot\spring-boot-starter-web\3.1.11\spring-boot-starter-web-3.1.11.jar;C:\Users\Andreea\.m2\repository\org\springframework\boot\spring-boot-starter-json\3.1.11\spring-boot-starter-json-3.1.11.jar;C:\Users\Andreea\.m2\repository\com\fasterxml\jackson\datatype\jackson-datatype-jdk8\2.15.4\jackson-datatype-jdk8-2.15.4.jar;C:\Users\Andreea\.m2\repository\com\fasterxml\jackson\datatype\jackson-datatype-jsr310\2.15.4\jackson-datatype-jsr310-2.15.4.jar;C:\Users\Andreea\.m2\repository\com\fasterxml\jackson\module\jackson-module-parameter-names\2.15.4\jackson-module-parameter-names-2.15.4.jar;C:\Users\Andreea\.m2\repository\org\springframework\boot\spring-boot-starter-tomcat\3.1.11\spring-boot-starter-tomcat-3.1.11.jar;C:\Users\Andreea\.m2\repository\org\apache\tomcat\embed\tomcat-embed-core\10.1.20\tomcat-embed-core-10.1.20.jar;C:\Users\Andreea\.m2\repository\org\apache\tomcat\embed\tomcat-embed-websocket\10.1.20\tomcat-embed-websocket-10.1.20.jar;C:\Users\Andreea\.m2\repository\org\springframework\spring-web\6.0.19\spring-web-6.0.19.jar;C:\Users\Andreea\.m2\repository\io\micrometer\micrometer-observation\1.11.11\micrometer-observation-1.11.11.jar;C:\Users\Andreea\.m2\repository\io\micrometer\micrometer-commons\1.11.11\micrometer-commons-1.11.11.jar;C:\Users\Andreea\.m2\repository\org\springframework\spring-webmvc\6.0.19\spring-webmvc-6.0.19.jar;C:\Users\Andreea\.m2\repository\org\postgresql\postgresql\42.6.2\postgresql-42.6.2.jar;C:\Users\Andreea\.m2\repository\org\checkerframework\checker-qual\3.31.0\checker-qual-3.31.0.jar;C:\Users\Andreea\.m2\repository\org\projectlombok\lombok\1.18.32\lombok-1.18.32.jar;C:\Users\Andreea\.m2\repository\org\springframework\boot\spring-boot-starter-test\3.1.11\spring-boot-starter-test-3.1.11.jar;C:\Users\Andreea\.m2\repository\org\springframework\boot\spring-boot-test\3.1.11\spring-boot-test-3.1.11.jar;C:\Users\Andreea\.m2\repository\org\springframework\boot\spring-boot-test-autoconfigure\3.1.11\spring-boot-test-autoconfigure-3.1.11.jar;C:\Users\Andreea\.m2\repository\com\jayway\jsonpath\json-path\2.9.0\json-path-2.9.0.jar;C:\Users\Andreea\.m2\repository\jakarta\xml\bind\jakarta.xml.bind-api\4.0.2\jakarta.xml.bind-api-4.0.2.jar;C:\Users\Andreea\.m2\repository\net\minidev\json-smart\2.4.11\json-smart-2.4.11.jar;C:\Users\Andreea\.m2\repository\net\minidev\accessors-smart\2.4.11\accessors-smart-2.4.11.jar;C:\Users\Andreea\.m2\repository\org\ow2\asm\asm\9.3\asm-9.3.jar;C:\Users\Andreea\.m2\repository\org\assertj\assertj-core\3.24.2\assertj-core-3.24.2.jar;C:\Users\Andreea\.m2\repository\org\hamcrest\hamcrest\2.2\hamcrest-2.2.jar;C:\Users\Andreea\.m2\repository\org\junit\jupiter\junit-jupiter\5.9.3\junit-jupiter-5.9.3.jar;C:\Users\Andreea\.m2\repository\org\junit\jupiter\junit-jupiter-api\5.9.3\junit-jupiter-api-5.9.3.jar;C:\Users\Andreea\.m2\repository\org\opentest4j\opentest4j\1.2.0\opentest4j-1.2.0.jar;C:\Users\Andreea\.m2\repository\org\junit\platform\junit-platform-commons\1.9.3\junit-platform-commons-1.9.3.jar;C:\Users\Andreea\.m2\repository\org\apiguardian\apiguardian-api\1.1.2\apiguardian-api-1.1.2.jar;C:\Users\Andreea\.m2\repository\org\junit\jupiter\junit-jupiter-params\5.9.3\junit-jupiter-params-5.9.3.jar;C:\Users\Andreea\.m2\repository\org\junit\jupiter\junit-jupiter-engine\5.9.3\junit-jupiter-engine-5.9.3.jar;C:\Users\Andreea\.m2\repository\org\junit\platform\junit-platform-engine\1.9.3\junit-platform-engine-1.9.3.jar;C:\Users\Andreea\.m2\repository\org\mockito\mockito-core\5.3.1\mockito-core-5.3.1.jar;C:\Users\Andreea\.m2\repository\net\bytebuddy\byte-buddy-agent\1.14.13\byte-buddy-agent-1.14.13.jar;C:\Users\Andreea\.m2\repository\org\objenesis\objenesis\3.3\objenesis-3.3.jar;C:\Users\Andreea\.m2\repository\org\mockito\mockito-junit-jupiter\5.3.1\mockito-junit-jupiter-5.3.1.jar;C:\Users\Andreea\.m2\repository\org\skyscreamer\jsonassert\1.5.1\jsonassert-1.5.1.jar;C:\Users\Andreea\.m2\repository\com\vaadin\external\google\android-json\0.0.20131108.vaadin1\android-json-0.0.20131108.vaadin1.jar;C:\Users\Andreea\.m2\repository\org\springframework\spring-core\6.0.19\spring-core-6.0.19.jar;C:\Users\Andreea\.m2\repository\org\springframework\spring-jcl\6.0.19\spring-jcl-6.0.19.jar;C:\Users\Andreea\.m2\repository\org\springframework\spring-test\6.0.19\spring-test-6.0.19.jar;C:\Users\Andreea\.m2\repository\org\xmlunit\xmlunit-core\2.9.1\xmlunit-core-2.9.1.jar;C:\Users\Andreea\.m2\repository\org\springframework\security\spring-security-test\6.1.9\spring-security-test-6.1.9.jar;C:\Users\Andreea\.m2\repository\org\springframework\security\spring-security-core\6.1.9\spring-security-core-6.1.9.jar;C:\Users\Andreea\.m2\repository\org\springframework\security\spring-security-crypto\6.1.9\spring-security-crypto-6.1.9.jar;C:\Users\Andreea\.m2\repository\io\jsonwebtoken\jjwt\0.9.1\jjwt-0.9.1.jar;C:\Users\Andreea\.m2\repository\com\fasterxml\jackson\core\jackson-databind\2.15.4\jackson-databind-2.15.4.jar;C:\Users\Andreea\.m2\repository\com\fasterxml\jackson\core\jackson-annotations\2.15.4\jackson-annotations-2.15.4.jar;C:\Users\Andreea\.m2\repository\com\fasterxml\jackson\core\jackson-core\2.15.4\jackson-core-2.15.4.jar;C:\Users\Andreea\.m2\repository\org\springframework\boot\spring-boot-starter-validation\3.1.11\spring-boot-starter-validation-3.1.11.jar;C:\Users\Andreea\.m2\repository\org\apache\tomcat\embed\tomcat-embed-el\10.1.20\tomcat-embed-el-10.1.20.jar;C:\Users\Andreea\.m2\repository\org\hibernate\validator\hibernate-validator\8.0.1.Final\hibernate-validator-8.0.1.Final.jar;C:\Users\Andreea\.m2\repository\jakarta\validation\jakarta.validation-api\3.0.2\jakarta.validation-api-3.0.2.jar;C:\Users\Andreea\.m2\repository\javax\servlet\servlet-api\2.5\servlet-api-2.5.jar;C:\Users\Andreea\.m2\repository\javax\xml\bind\jaxb-api\2.3.1\jaxb-api-2.3.1.jar;C:\Users\Andreea\.m2\repository\javax\activation\javax.activation-api\1.2.0\javax.activation-api-1.2.0.jar;"/>
    <property name="java.vm.vendor" value="Eclipse Adoptium"/>
    <property name="sun.arch.data.model" value="64"/>
    <property name="user.variant" value=""/>
    <property name="java.vendor.url" value="https://adoptium.net/"/>
    <property name="user.timezone" value="Europe/Bucharest"/>
    <property name="os.name" value="Windows 10"/>
    <property name="java.vm.specification.version" value="17"/>
    <property name="sun.java.launcher" value="SUN_STANDARD"/>
    <property name="user.country" value="US"/>
    <property name="sun.boot.library.path" value="C:\Program Files\eclipse-2021\plugins\org.eclipse.justj.openjdk.hotspot.jre.full.win32.x86_64_17.0.1.v20211116-1657\jre\bin"/>
    <property name="sun.java.command" value="C:\Users\Andreea\AppData\Local\Temp\surefire8733060567566405777\surefirebooter-20240528233326150_3.jar C:\Users\Andreea\AppData\Local\Temp\surefire8733060567566405777 2024-05-28T23-33-26_048-jvmRun1 surefire-20240528233326150_1tmp surefire_0-20240528233326150_2tmp"/>
    <property name="jdk.debug" value="release"/>
    <property name="surefire.test.class.path" value="C:\Users\Andreea\Desktop\Workspace\AplicatieTipReteaSociala\back\target\test-classes;C:\Users\Andreea\Desktop\Workspace\AplicatieTipReteaSociala\back\target\classes;C:\Users\Andreea\.m2\repository\org\springframework\boot\spring-boot-starter-data-jpa\3.1.11\spring-boot-starter-data-jpa-3.1.11.jar;C:\Users\Andreea\.m2\repository\org\springframework\boot\spring-boot-starter-aop\3.1.11\spring-boot-starter-aop-3.1.11.jar;C:\Users\Andreea\.m2\repository\org\aspectj\aspectjweaver\1.9.22\aspectjweaver-1.9.22.jar;C:\Users\Andreea\.m2\repository\org\springframework\boot\spring-boot-starter-jdbc\3.1.11\spring-boot-starter-jdbc-3.1.11.jar;C:\Users\Andreea\.m2\repository\com\zaxxer\HikariCP\5.0.1\HikariCP-5.0.1.jar;C:\Users\Andreea\.m2\repository\org\springframework\spring-jdbc\6.0.19\spring-jdbc-6.0.19.jar;C:\Users\Andreea\.m2\repository\org\hibernate\orm\hibernate-core\6.2.24.Final\hibernate-core-6.2.24.Final.jar;C:\Users\Andreea\.m2\repository\jakarta\persistence\jakarta.persistence-api\3.1.0\jakarta.persistence-api-3.1.0.jar;C:\Users\Andreea\.m2\repository\jakarta\transaction\jakarta.transaction-api\2.0.1\jakarta.transaction-api-2.0.1.jar;C:\Users\Andreea\.m2\repository\org\jboss\logging\jboss-logging\3.5.3.Final\jboss-logging-3.5.3.Final.jar;C:\Users\Andreea\.m2\repository\org\hibernate\common\hibernate-commons-annotations\6.0.6.Final\hibernate-commons-annotations-6.0.6.Final.jar;C:\Users\Andreea\.m2\repository\io\smallrye\jandex\3.0.5\jandex-3.0.5.jar;C:\Users\Andreea\.m2\repository\com\fasterxml\classmate\1.5.1\classmate-1.5.1.jar;C:\Users\Andreea\.m2\repository\net\bytebuddy\byte-buddy\1.14.13\byte-buddy-1.14.13.jar;C:\Users\Andreea\.m2\repository\org\glassfish\jaxb\jaxb-runtime\4.0.5\jaxb-runtime-4.0.5.jar;C:\Users\Andreea\.m2\repository\org\glassfish\jaxb\jaxb-core\4.0.5\jaxb-core-4.0.5.jar;C:\Users\Andreea\.m2\repository\org\glassfish\jaxb\txw2\4.0.5\txw2-4.0.5.jar;C:\Users\Andreea\.m2\repository\com\sun\istack\istack-commons-runtime\4.1.2\istack-commons-runtime-4.1.2.jar;C:\Users\Andreea\.m2\repository\jakarta\inject\jakarta.inject-api\2.0.1\jakarta.inject-api-2.0.1.jar;C:\Users\Andreea\.m2\repository\org\antlr\antlr4-runtime\4.10.1\antlr4-runtime-4.10.1.jar;C:\Users\Andreea\.m2\repository\org\springframework\data\spring-data-jpa\3.1.11\spring-data-jpa-3.1.11.jar;C:\Users\Andreea\.m2\repository\org\springframework\data\spring-data-commons\3.1.11\spring-data-commons-3.1.11.jar;C:\Users\Andreea\.m2\repository\org\springframework\spring-orm\6.0.19\spring-orm-6.0.19.jar;C:\Users\Andreea\.m2\repository\org\springframework\spring-context\6.0.19\spring-context-6.0.19.jar;C:\Users\Andreea\.m2\repository\org\springframework\spring-tx\6.0.19\spring-tx-6.0.19.jar;C:\Users\Andreea\.m2\repository\org\springframework\spring-beans\6.0.19\spring-beans-6.0.19.jar;C:\Users\Andreea\.m2\repository\jakarta\annotation\jakarta.annotation-api\2.1.1\jakarta.annotation-api-2.1.1.jar;C:\Users\Andreea\.m2\repository\org\slf4j\slf4j-api\2.0.13\slf4j-api-2.0.13.jar;C:\Users\Andreea\.m2\repository\org\springframework\spring-aspects\6.0.19\spring-aspects-6.0.19.jar;C:\Users\Andreea\.m2\repository\org\springframework\boot\spring-boot-starter-mail\3.1.11\spring-boot-starter-mail-3.1.11.jar;C:\Users\Andreea\.m2\repository\org\springframework\boot\spring-boot-starter\3.1.11\spring-boot-starter-3.1.11.jar;C:\Users\Andreea\.m2\repository\org\springframework\boot\spring-boot\3.1.11\spring-boot-3.1.11.jar;C:\Users\Andreea\.m2\repository\org\springframework\boot\spring-boot-autoconfigure\3.1.11\spring-boot-autoconfigure-3.1.11.jar;C:\Users\Andreea\.m2\repository\org\springframework\boot\spring-boot-starter-logging\3.1.11\spring-boot-starter-logging-3.1.11.jar;C:\Users\Andreea\.m2\repository\ch\qos\logback\logback-classic\1.4.14\logback-classic-1.4.14.jar;C:\Users\Andreea\.m2\repository\ch\qos\logback\logback-core\1.4.14\logback-core-1.4.14.jar;C:\Users\Andreea\.m2\repository\org\apache\logging\log4j\log4j-to-slf4j\2.20.0\log4j-to-slf4j-2.20.0.jar;C:\Users\Andreea\.m2\repository\org\apache\logging\log4j\log4j-api\2.20.0\log4j-api-2.20.0.jar;C:\Users\Andreea\.m2\repository\org\slf4j\jul-to-slf4j\2.0.13\jul-to-slf4j-2.0.13.jar;C:\Users\Andreea\.m2\repository\org\yaml\snakeyaml\1.33\snakeyaml-1.33.jar;C:\Users\Andreea\.m2\repository\org\springframework\spring-context-support\6.0.19\spring-context-support-6.0.19.jar;C:\Users\Andreea\.m2\repository\org\eclipse\angus\jakarta.mail\1.1.0\jakarta.mail-1.1.0.jar;C:\Users\Andreea\.m2\repository\jakarta\activation\jakarta.activation-api\2.1.3\jakarta.activation-api-2.1.3.jar;C:\Users\Andreea\.m2\repository\org\eclipse\angus\angus-activation\2.0.2\angus-activation-2.0.2.jar;C:\Users\Andreea\.m2\repository\org\springframework\boot\spring-boot-starter-security\3.1.11\spring-boot-starter-security-3.1.11.jar;C:\Users\Andreea\.m2\repository\org\springframework\spring-aop\6.0.19\spring-aop-6.0.19.jar;C:\Users\Andreea\.m2\repository\org\springframework\security\spring-security-config\6.1.9\spring-security-config-6.1.9.jar;C:\Users\Andreea\.m2\repository\org\springframework\security\spring-security-web\6.1.9\spring-security-web-6.1.9.jar;C:\Users\Andreea\.m2\repository\org\springframework\spring-expression\6.0.19\spring-expression-6.0.19.jar;C:\Users\Andreea\.m2\repository\org\springframework\boot\spring-boot-starter-web\3.1.11\spring-boot-starter-web-3.1.11.jar;C:\Users\Andreea\.m2\repository\org\springframework\boot\spring-boot-starter-json\3.1.11\spring-boot-starter-json-3.1.11.jar;C:\Users\Andreea\.m2\repository\com\fasterxml\jackson\datatype\jackson-datatype-jdk8\2.15.4\jackson-datatype-jdk8-2.15.4.jar;C:\Users\Andreea\.m2\repository\com\fasterxml\jackson\datatype\jackson-datatype-jsr310\2.15.4\jackson-datatype-jsr310-2.15.4.jar;C:\Users\Andreea\.m2\repository\com\fasterxml\jackson\module\jackson-module-parameter-names\2.15.4\jackson-module-parameter-names-2.15.4.jar;C:\Users\Andreea\.m2\repository\org\springframework\boot\spring-boot-starter-tomcat\3.1.11\spring-boot-starter-tomcat-3.1.11.jar;C:\Users\Andreea\.m2\repository\org\apache\tomcat\embed\tomcat-embed-core\10.1.20\tomcat-embed-core-10.1.20.jar;C:\Users\Andreea\.m2\repository\org\apache\tomcat\embed\tomcat-embed-websocket\10.1.20\tomcat-embed-websocket-10.1.20.jar;C:\Users\Andreea\.m2\repository\org\springframework\spring-web\6.0.19\spring-web-6.0.19.jar;C:\Users\Andreea\.m2\repository\io\micrometer\micrometer-observation\1.11.11\micrometer-observation-1.11.11.jar;C:\Users\Andreea\.m2\repository\io\micrometer\micrometer-commons\1.11.11\micrometer-commons-1.11.11.jar;C:\Users\Andreea\.m2\repository\org\springframework\spring-webmvc\6.0.19\spring-webmvc-6.0.19.jar;C:\Users\Andreea\.m2\repository\org\postgresql\postgresql\42.6.2\postgresql-42.6.2.jar;C:\Users\Andreea\.m2\repository\org\checkerframework\checker-qual\3.31.0\checker-qual-3.31.0.jar;C:\Users\Andreea\.m2\repository\org\projectlombok\lombok\1.18.32\lombok-1.18.32.jar;C:\Users\Andreea\.m2\repository\org\springframework\boot\spring-boot-starter-test\3.1.11\spring-boot-starter-test-3.1.11.jar;C:\Users\Andreea\.m2\repository\org\springframework\boot\spring-boot-test\3.1.11\spring-boot-test-3.1.11.jar;C:\Users\Andreea\.m2\repository\org\springframework\boot\spring-boot-test-autoconfigure\3.1.11\spring-boot-test-autoconfigure-3.1.11.jar;C:\Users\Andreea\.m2\repository\com\jayway\jsonpath\json-path\2.9.0\json-path-2.9.0.jar;C:\Users\Andreea\.m2\repository\jakarta\xml\bind\jakarta.xml.bind-api\4.0.2\jakarta.xml.bind-api-4.0.2.jar;C:\Users\Andreea\.m2\repository\net\minidev\json-smart\2.4.11\json-smart-2.4.11.jar;C:\Users\Andreea\.m2\repository\net\minidev\accessors-smart\2.4.11\accessors-smart-2.4.11.jar;C:\Users\Andreea\.m2\repository\org\ow2\asm\asm\9.3\asm-9.3.jar;C:\Users\Andreea\.m2\repository\org\assertj\assertj-core\3.24.2\assertj-core-3.24.2.jar;C:\Users\Andreea\.m2\repository\org\hamcrest\hamcrest\2.2\hamcrest-2.2.jar;C:\Users\Andreea\.m2\repository\org\junit\jupiter\junit-jupiter\5.9.3\junit-jupiter-5.9.3.jar;C:\Users\Andreea\.m2\repository\org\junit\jupiter\junit-jupiter-api\5.9.3\junit-jupiter-api-5.9.3.jar;C:\Users\Andreea\.m2\repository\org\opentest4j\opentest4j\1.2.0\opentest4j-1.2.0.jar;C:\Users\Andreea\.m2\repository\org\junit\platform\junit-platform-commons\1.9.3\junit-platform-commons-1.9.3.jar;C:\Users\Andreea\.m2\repository\org\apiguardian\apiguardian-api\1.1.2\apiguardian-api-1.1.2.jar;C:\Users\Andreea\.m2\repository\org\junit\jupiter\junit-jupiter-params\5.9.3\junit-jupiter-params-5.9.3.jar;C:\Users\Andreea\.m2\repository\org\junit\jupiter\junit-jupiter-engine\5.9.3\junit-jupiter-engine-5.9.3.jar;C:\Users\Andreea\.m2\repository\org\junit\platform\junit-platform-engine\1.9.3\junit-platform-engine-1.9.3.jar;C:\Users\Andreea\.m2\repository\org\mockito\mockito-core\5.3.1\mockito-core-5.3.1.jar;C:\Users\Andreea\.m2\repository\net\bytebuddy\byte-buddy-agent\1.14.13\byte-buddy-agent-1.14.13.jar;C:\Users\Andreea\.m2\repository\org\objenesis\objenesis\3.3\objenesis-3.3.jar;C:\Users\Andreea\.m2\repository\org\mockito\mockito-junit-jupiter\5.3.1\mockito-junit-jupiter-5.3.1.jar;C:\Users\Andreea\.m2\repository\org\skyscreamer\jsonassert\1.5.1\jsonassert-1.5.1.jar;C:\Users\Andreea\.m2\repository\com\vaadin\external\google\android-json\0.0.20131108.vaadin1\android-json-0.0.20131108.vaadin1.jar;C:\Users\Andreea\.m2\repository\org\springframework\spring-core\6.0.19\spring-core-6.0.19.jar;C:\Users\Andreea\.m2\repository\org\springframework\spring-jcl\6.0.19\spring-jcl-6.0.19.jar;C:\Users\Andreea\.m2\repository\org\springframework\spring-test\6.0.19\spring-test-6.0.19.jar;C:\Users\Andreea\.m2\repository\org\xmlunit\xmlunit-core\2.9.1\xmlunit-core-2.9.1.jar;C:\Users\Andreea\.m2\repository\org\springframework\security\spring-security-test\6.1.9\spring-security-test-6.1.9.jar;C:\Users\Andreea\.m2\repository\org\springframework\security\spring-security-core\6.1.9\spring-security-core-6.1.9.jar;C:\Users\Andreea\.m2\repository\org\springframework\security\spring-security-crypto\6.1.9\spring-security-crypto-6.1.9.jar;C:\Users\Andreea\.m2\repository\io\jsonwebtoken\jjwt\0.9.1\jjwt-0.9.1.jar;C:\Users\Andreea\.m2\repository\com\fasterxml\jackson\core\jackson-databind\2.15.4\jackson-databind-2.15.4.jar;C:\Users\Andreea\.m2\repository\com\fasterxml\jackson\core\jackson-annotations\2.15.4\jackson-annotations-2.15.4.jar;C:\Users\Andreea\.m2\repository\com\fasterxml\jackson\core\jackson-core\2.15.4\jackson-core-2.15.4.jar;C:\Users\Andreea\.m2\repository\org\springframework\boot\spring-boot-starter-validation\3.1.11\spring-boot-starter-validation-3.1.11.jar;C:\Users\Andreea\.m2\repository\org\apache\tomcat\embed\tomcat-embed-el\10.1.20\tomcat-embed-el-10.1.20.jar;C:\Users\Andreea\.m2\repository\org\hibernate\validator\hibernate-validator\8.0.1.Final\hibernate-validator-8.0.1.Final.jar;C:\Users\Andreea\.m2\repository\jakarta\validation\jakarta.validation-api\3.0.2\jakarta.validation-api-3.0.2.jar;C:\Users\Andreea\.m2\repository\javax\servlet\servlet-api\2.5\servlet-api-2.5.jar;C:\Users\Andreea\.m2\repository\javax\xml\bind\jaxb-api\2.3.1\jaxb-api-2.3.1.jar;C:\Users\Andreea\.m2\repository\javax\activation\javax.activation-api\1.2.0\javax.activation-api-1.2.0.jar;"/>
    <property name="sun.cpu.endian" value="little"/>
    <property name="user.home" value="C:\Users\Andreea"/>
    <property name="user.language" value="en"/>
    <property name="java.specification.vendor" value="Oracle Corporation"/>
    <property name="java.version.date" value="2021-10-19"/>
    <property name="java.home" value="C:\Program Files\eclipse-2021\plugins\org.eclipse.justj.openjdk.hotspot.jre.full.win32.x86_64_17.0.1.v20211116-1657\jre"/>
    <property name="file.separator" value="\"/>
    <property name="basedir" value="C:\Users\Andreea\Desktop\Workspace\AplicatieTipReteaSociala\back"/>
    <property name="java.vm.compressedOopsMode" value="32-bit"/>
    <property name="line.separator" value="&#10;"/>
    <property name="java.vm.specification.vendor" value="Oracle Corporation"/>
    <property name="java.specification.name" value="Java Platform API Specification"/>
    <property name="surefire.real.class.path" value="C:\Users\Andreea\AppData\Local\Temp\surefire8733060567566405777\surefirebooter-20240528233326150_3.jar"/>
    <property name="user.script" value=""/>
    <property name="sun.management.compiler" value="HotSpot 64-Bit Tiered Compilers"/>
    <property name="java.runtime.version" value="17.0.1+12"/>
    <property name="user.name" value="Andreea"/>
    <property name="path.separator" value=";"/>
    <property name="os.version" value="10.0"/>
    <property name="java.runtime.name" value="OpenJDK Runtime Environment"/>
    <property name="file.encoding" value="Cp1252"/>
    <property name="java.vm.name" value="OpenJDK 64-Bit Server VM"/>
    <property name="java.vendor.version" value="Temurin-17.0.1+12"/>
    <property name="localRepository" value="C:\Users\Andreea\.m2\repository"/>
    <property name="java.vendor.url.bug" value="https://github.com/adoptium/adoptium-support/issues"/>
    <property name="java.io.tmpdir" value="C:\Users\Andreea\AppData\Local\Temp\"/>
    <property name="java.version" value="17.0.1"/>
    <property name="user.dir" value="C:\Users\Andreea\Desktop\Workspace\AplicatieTipReteaSociala\back"/>
    <property name="os.arch" value="amd64"/>
    <property name="java.vm.specification.name" value="Java Virtual Machine Specification"/>
    <property name="sun.os.patch.level" value=""/>
    <property name="native.encoding" value="Cp1252"/>
    <property name="java.library.path" value="C:\Program Files\eclipse-2021\plugins\org.eclipse.justj.openjdk.hotspot.jre.full.win32.x86_64_17.0.1.v20211116-1657\jre\bin;C:\WINDOWS\Sun\Java\bin;C:\WINDOWS\system32;C:\WINDOWS;C:/Program Files/eclipse-2021//plugins/org.eclipse.justj.openjdk.hotspot.jre.full.win32.x86_64_17.0.1.v20211116-1657/jre/bin/server;C:/Program Files/eclipse-2021//plugins/org.eclipse.justj.openjdk.hotspot.jre.full.win32.x86_64_17.0.1.v20211116-1657/jre/bin;C:\oraclexe\app\oracle\product\11.2.0\server\bin;C:\app\Andreea\product\21c\dbhomeXE\bin;C:\Program Files\Common Files\Oracle\Java\javapath;C:\Program Files\Python310\Scripts\;C:\Program Files\Python310\;C:\WINDOWS\system32;C:\WINDOWS;C:\WINDOWS\System32\Wbem;C:\WINDOWS\System32\WindowsPowerShell\v1.0\;C:\WINDOWS\System32\OpenSSH\;C:\Program Files\dotnet\;C:\Program Files\CodeBlocks\MinGW\bin;C:\Program Files\Git\cmd;C:\Program Files\Microsoft SQL Server\150\Tools\Binn\;C:\Program Files (x86)\Microchip\MPLAB C32 Suite\bin;C:\Program Files (x86)\Microchip\MPLAB IDE\VDI;C:\Program Files (x86)\Microchip\MPLAB C30\bin;C:\Program Files\nodejs\;C:\Program Files\eclipse-2021;C:\Program Files\MATLAB\MATLAB Runtime\R2022b\runtime\win64;C:\Program Files\MATLAB\R2022b\runtime\win64;C:\Program Files\MATLAB\R2022b\bin;C:\Users\Andreea\AppData\Local\Microsoft\WindowsApps;C:\Program Files\JetBrains\PyCharm Community Edition 2020.3.4\bin;;C:\Program Files\CodeBlocks\MinGW\bin;C:\Users\Andreea\OneDrive\Desktop\Application;;C:\Users\Andreea\AppData\Local\Programs\Microsoft VS Code\bin;C:\Users\Andreea\AppData\Roaming\npm;C:\Program Files\eclipse-2021;;."/>
    <property name="java.vm.info" value="mixed mode"/>
    <property name="java.vendor" value="Eclipse Adoptium"/>
    <property name="java.vm.version" value="17.0.1+12"/>
    <property name="sun.io.unicode.encoding" value="UnicodeLittle"/>
    <property name="java.class.version" value="61.0"/>
  </properties>
  <testcase name="testRegisterSuccess" classname="com.example.back.registration.RegistrationServiceTest" time="0.119"/>
</testsuite>